2025-12-08,17:29:37 | INFO | Running Experiment: 2025_12_08-17_29_37
2025-12-08,17:29:37 | INFO | Args: Namespace(name='2025_12_08-17_29_37', output_dir='./outputs', templates_path='./data/templates.json', labels_path='./data/labels.json', vlm3d='uni3d', model='create_uni3d', patch_dropout=0.0, use_new_approximation=True, drop_path_rate=0.0, precomputed_text_features='C:\\Users\\reza_moradi\\Desktop\\point\\AAAI\\code\\precomputed_text_features\\Uni3D\\text_features_large.pt', clip_uni3d_model='EVA02-E-14-plus', clip_uvi3d_path='C:\\Users\\reza_moradi\\Desktop\\point\\AAAI\\code\\pretrained\\open_clip_pytorch_model.bin', pc_model_uni3d='eva02_large_patch14_448', pretrained_pc_uni3d='C:\\Users\\reza_moradi\\Desktop\\point\\AAAI\\code\\pretrained\\uni3d_L_ensembled_model.pt', pc_feat_dim_uni3d=1024, embed_dim_uni3d=1024, num_group_uni3d=512, group_size_uni3d=64, pc_encoder_dim_uni3d=512, oshape_version='vitg14', pc_model_oshape='eva02_large_patch14_448', pretrained_pc_oshape='C:\\Users\\reza_moradi\\Desktop\\point\\AAAI\\code\\pretrained\\uni3d_g_ensembled_model.pt', pc_feat_dim_oshape=1024, embed_dim_oshape=1024, num_group_oshape=1024, group_size_oshape=1024, pc_encoder_dim_oshape=1024, slip_ckpt_path=None, ulip_version='ulip2', pc_model_ulip='eva02_large_patch14_448', pretrained_pc_ulip='C:\\Users\\reza_moradi\\Desktop\\point\\AAAI\\code\\pretrained\\uni3d_g_ensembled_model.pt', pc_feat_dim_ulip=1024, embed_dim_ulip=1024, num_group_ulip=1024, group_size_ulip=1024, pc_encoder_dim_ulip=1024, myroot='C:\\Users\\reza_moradi\\Desktop\\point\\AAAI\\code\\datasets\\modelnet40_c', dataset_name='modelnet', validate_dataset_name='modelnet40_openshape', template_key='modelnet40_64', batch_size=1, workers=4, npoints=1024, corruption='all', severity=5, seed=42, print_freq=100, device='cuda:0', distributed=False, world_size=1, rank=0, local_rank=0)
2025-12-08,17:29:37 | INFO | Hyperparameters: {'shot_capacity': 30, 'beta': 150, 'threshold': 0.5, 'lambda_reg': 0.11, 'k_approx': 1, 'use_new_approximation': True}
2025-12-08,17:29:37 | INFO | => Loading Model: uni3d
2025-12-08,17:29:39 | INFO | Loading Uni3D checkpoint from C:\Users\reza_moradi\Desktop\point\AAAI\code\pretrained\uni3d_L_ensembled_model.pt
2025-12-08,17:29:39 | INFO | 
==================== Processing Corruption: uniform ====================
2025-12-08,17:29:39 | INFO | => Encoding text anchors
2025-12-08,17:29:39 | INFO | Loading precomputed text features from C:\Users\reza_moradi\Desktop\point\AAAI\code\precomputed_text_features\Uni3D\text_features_large.pt
2025-12-08,17:54:27 | INFO | Final Results: Acc@1 66.491 Acc@3 80.105 Acc@5 84.076
2025-12-08,17:54:27 | INFO | Total time: 1466011.398 ms
2025-12-08,17:54:27 | INFO | 
==================== Processing Corruption: gaussian ====================
2025-12-08,17:54:27 | INFO | => Encoding text anchors
2025-12-08,17:54:27 | INFO | Loading precomputed text features from C:\Users\reza_moradi\Desktop\point\AAAI\code\precomputed_text_features\Uni3D\text_features_large.pt
2025-12-08,18:19:26 | INFO | Final Results: Acc@1 64.222 Acc@3 79.295 Acc@5 83.023
2025-12-08,18:19:26 | INFO | Total time: 1465269.505 ms
2025-12-08,18:19:26 | INFO | 
==================== Processing Corruption: background ====================
2025-12-08,18:19:26 | INFO | => Encoding text anchors
2025-12-08,18:19:26 | INFO | Loading precomputed text features from C:\Users\reza_moradi\Desktop\point\AAAI\code\precomputed_text_features\Uni3D\text_features_large.pt
2025-12-08,18:44:54 | INFO | Final Results: Acc@1 77.836 Acc@3 89.627 Acc@5 92.828
2025-12-08,18:44:54 | INFO | Total time: 1494632.111 ms
2025-12-08,18:44:54 | INFO | 
==================== Processing Corruption: impulse ====================
2025-12-08,18:44:54 | INFO | => Encoding text anchors
2025-12-08,18:44:54 | INFO | Loading precomputed text features from C:\Users\reza_moradi\Desktop\point\AAAI\code\precomputed_text_features\Uni3D\text_features_large.pt
2025-12-08,19:10:00 | INFO | Final Results: Acc@1 72.366 Acc@3 82.536 Acc@5 86.345
2025-12-08,19:10:00 | INFO | Total time: 1485213.249 ms
2025-12-08,19:10:00 | INFO | 
==================== Processing Corruption: upsampling ====================
2025-12-08,19:10:00 | INFO | => Encoding text anchors
2025-12-08,19:10:00 | INFO | Loading precomputed text features from C:\Users\reza_moradi\Desktop\point\AAAI\code\precomputed_text_features\Uni3D\text_features_large.pt
2025-12-08,19:35:07 | INFO | Final Results: Acc@1 71.434 Acc@3 85.575 Acc@5 89.749
2025-12-08,19:35:07 | INFO | Total time: 1485936.041 ms
2025-12-08,19:35:07 | INFO | 
==================== Processing Corruption: distortion_rbf ====================
2025-12-08,19:35:07 | INFO | => Encoding text anchors
2025-12-08,19:35:07 | INFO | Loading precomputed text features from C:\Users\reza_moradi\Desktop\point\AAAI\code\precomputed_text_features\Uni3D\text_features_large.pt
2025-12-08,19:59:37 | INFO | Final Results: Acc@1 64.425 Acc@3 79.092 Acc@5 83.549
2025-12-08,19:59:37 | INFO | Total time: 1449227.096 ms
2025-12-08,19:59:37 | INFO | 
==================== Processing Corruption: distortion_rbf_inv ====================
2025-12-08,19:59:37 | INFO | => Encoding text anchors
2025-12-08,19:59:37 | INFO | Loading precomputed text features from C:\Users\reza_moradi\Desktop\point\AAAI\code\precomputed_text_features\Uni3D\text_features_large.pt
2025-12-08,20:24:19 | INFO | Final Results: Acc@1 65.924 Acc@3 81.483 Acc@5 86.345
2025-12-08,20:24:19 | INFO | Total time: 1461240.402 ms
2025-12-08,20:24:19 | INFO | 
==================== Processing Corruption: density ====================
2025-12-08,20:24:19 | INFO | => Encoding text anchors
2025-12-08,20:24:19 | INFO | Loading precomputed text features from C:\Users\reza_moradi\Desktop\point\AAAI\code\precomputed_text_features\Uni3D\text_features_large.pt
2025-12-08,20:49:46 | INFO | Final Results: Acc@1 76.742 Acc@3 89.141 Acc@5 92.828
2025-12-08,20:49:46 | INFO | Total time: 1505736.925 ms
2025-12-08,20:49:46 | INFO | 
==================== Processing Corruption: density_inc ====================
2025-12-08,20:49:46 | INFO | => Encoding text anchors
2025-12-08,20:49:46 | INFO | Loading precomputed text features from C:\Users\reza_moradi\Desktop\point\AAAI\code\precomputed_text_features\Uni3D\text_features_large.pt
2025-12-08,21:15:07 | INFO | Final Results: Acc@1 81.199 Acc@3 92.504 Acc@5 95.259
2025-12-08,21:15:07 | INFO | Total time: 1499859.149 ms
2025-12-08,21:15:07 | INFO | 
==================== Processing Corruption: shear ====================
2025-12-08,21:15:07 | INFO | => Encoding text anchors
2025-12-08,21:15:07 | INFO | Loading precomputed text features from C:\Users\reza_moradi\Desktop\point\AAAI\code\precomputed_text_features\Uni3D\text_features_large.pt
2025-12-08,21:40:27 | INFO | Final Results: Acc@1 79.417 Acc@3 89.587 Acc@5 92.180
2025-12-08,21:40:27 | INFO | Total time: 1499468.937 ms
2025-12-08,21:40:27 | INFO | 
==================== Processing Corruption: rotation ====================
2025-12-08,21:40:27 | INFO | => Encoding text anchors
2025-12-08,21:40:27 | INFO | Loading precomputed text features from C:\Users\reza_moradi\Desktop\point\AAAI\code\precomputed_text_features\Uni3D\text_features_large.pt
2025-12-08,22:05:48 | INFO | Final Results: Acc@1 79.538 Acc@3 90.194 Acc@5 93.193
2025-12-08,22:05:48 | INFO | Total time: 1500103.252 ms
2025-12-08,22:05:48 | INFO | 
==================== Processing Corruption: cutout ====================
2025-12-08,22:05:48 | INFO | => Encoding text anchors
2025-12-08,22:05:48 | INFO | Loading precomputed text features from C:\Users\reza_moradi\Desktop\point\AAAI\code\precomputed_text_features\Uni3D\text_features_large.pt
2025-12-08,22:31:06 | INFO | Final Results: Acc@1 74.473 Acc@3 87.156 Acc@5 90.924
2025-12-08,22:31:06 | INFO | Total time: 1497598.136 ms
2025-12-08,22:31:06 | INFO | 
==================== Processing Corruption: distortion ====================
2025-12-08,22:31:06 | INFO | => Encoding text anchors
2025-12-08,22:31:06 | INFO | Loading precomputed text features from C:\Users\reza_moradi\Desktop\point\AAAI\code\precomputed_text_features\Uni3D\text_features_large.pt
2025-12-08,22:56:21 | INFO | Final Results: Acc@1 72.974 Acc@3 87.723 Acc@5 92.139
2025-12-08,22:56:21 | INFO | Total time: 1493537.088 ms
2025-12-08,22:56:21 | INFO | 
==================== Processing Corruption: occlusion ====================
2025-12-08,22:56:21 | INFO | => Encoding text anchors
2025-12-08,22:56:21 | INFO | Loading precomputed text features from C:\Users\reza_moradi\Desktop\point\AAAI\code\precomputed_text_features\Uni3D\text_features_large.pt
2025-12-08,23:20:47 | INFO | Final Results: Acc@1 56.321 Acc@3 70.624 Acc@5 76.702
2025-12-08,23:20:47 | INFO | Total time: 1445027.442 ms
2025-12-08,23:20:47 | INFO | 
==================== Processing Corruption: lidar ====================
2025-12-08,23:20:47 | INFO | => Encoding text anchors
2025-12-08,23:20:47 | INFO | Loading precomputed text features from C:\Users\reza_moradi\Desktop\point\AAAI\code\precomputed_text_features\Uni3D\text_features_large.pt
2025-12-08,23:42:59 | INFO | Final Results: Acc@1 34.279 Acc@3 46.637 Acc@5 51.418
2025-12-08,23:42:59 | INFO | Total time: 1311609.750 ms
2025-12-08,23:42:59 | INFO | Summary of Results: {'uniform': 66.49108589951378, 'gaussian': 64.22204213938411, 'background': 77.83630470016207, 'impulse': 72.36628849270664, 'upsampling': 71.43435980551054, 'distortion_rbf': 64.42463533225283, 'distortion_rbf_inv': 65.92382495948137, 'density': 76.742301458671, 'density_inc': 81.19935170178282, 'shear': 79.4165316045381, 'rotation': 79.53808752025932, 'cutout': 74.47325769854133, 'distortion': 72.9740680713128, 'occlusion': 56.320907617504055, 'lidar': 34.27876823338736}
2025-12-08,23:42:59 | INFO | Average Top-1: 69.176
